<?xml version="1.0" encoding="UTF-8"?>
<testsuite xmlns:xsi="http://www.w3.org/2001/XMLSchema-instance" xsi:noNamespaceSchemaLocation="https://maven.apache.org/surefire/maven-surefire-plugin/xsd/surefire-test-report.xsd" version="3.0.1" name="features.JsonTest" time="33.48" tests="18" errors="0" skipped="0" failures="2">
  <properties>
    <property name="java.specification.version" value="21"/>
    <property name="sun.jnu.encoding" value="UTF-8"/>
    <property name="java.class.path" value="/home/abhi/MyWorkspace/karatepractice/target/test-classes:/home/abhi/MyWorkspace/karatepractice/target/classes:/home/abhi/.m2/repository/org/junit/jupiter/junit-jupiter-api/5.11.0/junit-jupiter-api-5.11.0.jar:/home/abhi/.m2/repository/org/opentest4j/opentest4j/1.3.0/opentest4j-1.3.0.jar:/home/abhi/.m2/repository/org/junit/platform/junit-platform-commons/1.11.0/junit-platform-commons-1.11.0.jar:/home/abhi/.m2/repository/org/apiguardian/apiguardian-api/1.1.2/apiguardian-api-1.1.2.jar:/home/abhi/.m2/repository/com/intuit/karate/karate-junit5/1.4.1/karate-junit5-1.4.1.jar:/home/abhi/.m2/repository/org/junit/jupiter/junit-jupiter-engine/5.11.0/junit-jupiter-engine-5.11.0.jar:/home/abhi/.m2/repository/org/junit/platform/junit-platform-engine/1.11.0/junit-platform-engine-1.11.0.jar:/home/abhi/.m2/repository/io/cucumber/cucumber-java/7.22.0/cucumber-java-7.22.0.jar:/home/abhi/.m2/repository/io/cucumber/cucumber-core/7.22.0/cucumber-core-7.22.0.jar:/home/abhi/.m2/repository/io/cucumber/cucumber-gherkin/7.22.0/cucumber-gherkin-7.22.0.jar:/home/abhi/.m2/repository/io/cucumber/cucumber-gherkin-messages/7.22.0/cucumber-gherkin-messages-7.22.0.jar:/home/abhi/.m2/repository/io/cucumber/gherkin/32.1.0/gherkin-32.1.0.jar:/home/abhi/.m2/repository/io/cucumber/messages/27.2.0/messages-27.2.0.jar:/home/abhi/.m2/repository/io/cucumber/testng-xml-formatter/0.3.1/testng-xml-formatter-0.3.1.jar:/home/abhi/.m2/repository/io/cucumber/query/13.2.0/query-13.2.0.jar:/home/abhi/.m2/repository/io/cucumber/tag-expressions/6.1.2/tag-expressions-6.1.2.jar:/home/abhi/.m2/repository/io/cucumber/cucumber-expressions/18.0.1/cucumber-expressions-18.0.1.jar:/home/abhi/.m2/repository/io/cucumber/datatable/7.22.0/datatable-7.22.0.jar:/home/abhi/.m2/repository/io/cucumber/cucumber-plugin/7.22.0/cucumber-plugin-7.22.0.jar:/home/abhi/.m2/repository/io/cucumber/docstring/7.22.0/docstring-7.22.0.jar:/home/abhi/.m2/repository/io/cucumber/html-formatter/21.10.0/html-formatter-21.10.0.jar:/home/abhi/.m2/repository/io/cucumber/junit-xml-formatter/0.7.1/junit-xml-formatter-0.7.1.jar:/home/abhi/.m2/repository/io/cucumber/ci-environment/10.0.1/ci-environment-10.0.1.jar:/home/abhi/.m2/repository/info/cukes/cucumber-java/1.2.5/cucumber-java-1.2.5.jar:/home/abhi/.m2/repository/info/cukes/cucumber-core/1.2.5/cucumber-core-1.2.5.jar:/home/abhi/.m2/repository/info/cukes/cucumber-html/0.2.3/cucumber-html-0.2.3.jar:/home/abhi/.m2/repository/info/cukes/cucumber-jvm-deps/1.0.5/cucumber-jvm-deps-1.0.5.jar:/home/abhi/.m2/repository/info/cukes/gherkin/2.12.2/gherkin-2.12.2.jar:/home/abhi/.m2/repository/com/intuit/karate/karate-core/1.4.1/karate-core-1.4.1.jar:/home/abhi/.m2/repository/org/graalvm/js/js-scriptengine/22.3.3/js-scriptengine-22.3.3.jar:/home/abhi/.m2/repository/org/thymeleaf/thymeleaf/3.1.2.RELEASE/thymeleaf-3.1.2.RELEASE.jar:/home/abhi/.m2/repository/ognl/ognl/3.3.4/ognl-3.3.4.jar:/home/abhi/.m2/repository/org/javassist/javassist/3.29.0-GA/javassist-3.29.0-GA.jar:/home/abhi/.m2/repository/org/attoparser/attoparser/2.0.7.RELEASE/attoparser-2.0.7.RELEASE.jar:/home/abhi/.m2/repository/org/unbescape/unbescape/1.1.6.RELEASE/unbescape-1.1.6.RELEASE.jar:/home/abhi/.m2/repository/org/slf4j/slf4j-api/2.0.7/slf4j-api-2.0.7.jar:/home/abhi/.m2/repository/com/linecorp/armeria/armeria/1.25.2/armeria-1.25.2.jar:/home/abhi/.m2/repository/com/fasterxml/jackson/core/jackson-core/2.15.2/jackson-core-2.15.2.jar:/home/abhi/.m2/repository/com/fasterxml/jackson/core/jackson-annotations/2.15.2/jackson-annotations-2.15.2.jar:/home/abhi/.m2/repository/com/fasterxml/jackson/core/jackson-databind/2.15.2/jackson-databind-2.15.2.jar:/home/abhi/.m2/repository/com/fasterxml/jackson/datatype/jackson-datatype-jdk8/2.15.2/jackson-datatype-jdk8-2.15.2.jar:/home/abhi/.m2/repository/com/fasterxml/jackson/datatype/jackson-datatype-jsr310/2.15.2/jackson-datatype-jsr310-2.15.2.jar:/home/abhi/.m2/repository/io/micrometer/micrometer-core/1.11.3/micrometer-core-1.11.3.jar:/home/abhi/.m2/repository/io/micrometer/micrometer-commons/1.11.3/micrometer-commons-1.11.3.jar:/home/abhi/.m2/repository/io/micrometer/micrometer-observation/1.11.3/micrometer-observation-1.11.3.jar:/home/abhi/.m2/repository/org/hdrhistogram/HdrHistogram/2.1.12/HdrHistogram-2.1.12.jar:/home/abhi/.m2/repository/org/latencyutils/LatencyUtils/2.0.3/LatencyUtils-2.0.3.jar:/home/abhi/.m2/repository/io/netty/netty-transport/4.1.96.Final/netty-transport-4.1.96.Final.jar:/home/abhi/.m2/repository/io/netty/netty-common/4.1.96.Final/netty-common-4.1.96.Final.jar:/home/abhi/.m2/repository/io/netty/netty-buffer/4.1.96.Final/netty-buffer-4.1.96.Final.jar:/home/abhi/.m2/repository/io/netty/netty-resolver/4.1.96.Final/netty-resolver-4.1.96.Final.jar:/home/abhi/.m2/repository/io/netty/netty-codec-haproxy/4.1.96.Final/netty-codec-haproxy-4.1.96.Final.jar:/home/abhi/.m2/repository/io/netty/netty-codec/4.1.96.Final/netty-codec-4.1.96.Final.jar:/home/abhi/.m2/repository/io/netty/netty-codec-http2/4.1.96.Final/netty-codec-http2-4.1.96.Final.jar:/home/abhi/.m2/repository/io/netty/netty-handler/4.1.96.Final/netty-handler-4.1.96.Final.jar:/home/abhi/.m2/repository/io/netty/netty-codec-http/4.1.96.Final/netty-codec-http-4.1.96.Final.jar:/home/abhi/.m2/repository/io/netty/netty-resolver-dns/4.1.96.Final/netty-resolver-dns-4.1.96.Final.jar:/home/abhi/.m2/repository/io/netty/netty-codec-dns/4.1.96.Final/netty-codec-dns-4.1.96.Final.jar:/home/abhi/.m2/repository/org/reactivestreams/reactive-streams/1.0.4/reactive-streams-1.0.4.jar:/home/abhi/.m2/repository/com/google/code/findbugs/jsr305/3.0.2/jsr305-3.0.2.jar:/home/abhi/.m2/repository/io/netty/netty-handler-proxy/4.1.96.Final/netty-handler-proxy-4.1.96.Final.jar:/home/abhi/.m2/repository/io/netty/netty-codec-socks/4.1.96.Final/netty-codec-socks-4.1.96.Final.jar:/home/abhi/.m2/repository/io/netty/netty-transport-native-unix-common/4.1.96.Final/netty-transport-native-unix-common-4.1.96.Final-linux-x86_64.jar:/home/abhi/.m2/repository/io/netty/netty-transport-native-epoll/4.1.96.Final/netty-transport-native-epoll-4.1.96.Final-linux-x86_64.jar:/home/abhi/.m2/repository/io/netty/netty-transport-native-unix-common/4.1.96.Final/netty-transport-native-unix-common-4.1.96.Final.jar:/home/abhi/.m2/repository/io/netty/netty-transport-classes-epoll/4.1.96.Final/netty-transport-classes-epoll-4.1.96.Final.jar:/home/abhi/.m2/repository/io/netty/netty-transport-native-unix-common/4.1.96.Final/netty-transport-native-unix-common-4.1.96.Final-linux-aarch_64.jar:/home/abhi/.m2/repository/io/netty/netty-transport-native-epoll/4.1.96.Final/netty-transport-native-epoll-4.1.96.Final-linux-aarch_64.jar:/home/abhi/.m2/repository/io/netty/netty-transport-native-unix-common/4.1.96.Final/netty-transport-native-unix-common-4.1.96.Final-osx-x86_64.jar:/home/abhi/.m2/repository/io/netty/netty-transport-native-kqueue/4.1.96.Final/netty-transport-native-kqueue-4.1.96.Final-osx-x86_64.jar:/home/abhi/.m2/repository/io/netty/netty-transport-classes-kqueue/4.1.96.Final/netty-transport-classes-kqueue-4.1.96.Final.jar:/home/abhi/.m2/repository/io/netty/netty-resolver-dns-native-macos/4.1.96.Final/netty-resolver-dns-native-macos-4.1.96.Final-osx-x86_64.jar:/home/abhi/.m2/repository/io/netty/netty-resolver-dns-classes-macos/4.1.96.Final/netty-resolver-dns-classes-macos-4.1.96.Final.jar:/home/abhi/.m2/repository/io/netty/netty-transport-native-unix-common/4.1.96.Final/netty-transport-native-unix-common-4.1.96.Final-osx-aarch_64.jar:/home/abhi/.m2/repository/io/netty/netty-transport-native-kqueue/4.1.96.Final/netty-transport-native-kqueue-4.1.96.Final-osx-aarch_64.jar:/home/abhi/.m2/repository/io/netty/netty-resolver-dns-native-macos/4.1.96.Final/netty-resolver-dns-native-macos-4.1.96.Final-osx-aarch_64.jar:/home/abhi/.m2/repository/io/netty/netty-tcnative-boringssl-static/2.0.61.Final/netty-tcnative-boringssl-static-2.0.61.Final-linux-x86_64.jar:/home/abhi/.m2/repository/io/netty/netty-tcnative-classes/2.0.61.Final/netty-tcnative-classes-2.0.61.Final.jar:/home/abhi/.m2/repository/io/netty/netty-tcnative-boringssl-static/2.0.61.Final/netty-tcnative-boringssl-static-2.0.61.Final-linux-aarch_64.jar:/home/abhi/.m2/repository/io/netty/netty-tcnative-boringssl-static/2.0.61.Final/netty-tcnative-boringssl-static-2.0.61.Final-osx-x86_64.jar:/home/abhi/.m2/repository/io/netty/netty-tcnative-boringssl-static/2.0.61.Final/netty-tcnative-boringssl-static-2.0.61.Final-osx-aarch_64.jar:/home/abhi/.m2/repository/io/netty/netty-tcnative-boringssl-static/2.0.61.Final/netty-tcnative-boringssl-static-2.0.61.Final-windows-x86_64.jar:/home/abhi/.m2/repository/com/aayushatharva/brotli4j/brotli4j/1.12.0/brotli4j-1.12.0.jar:/home/abhi/.m2/repository/com/aayushatharva/brotli4j/service/1.12.0/service-1.12.0.jar:/home/abhi/.m2/repository/com/aayushatharva/brotli4j/native-linux-x86_64/1.12.0/native-linux-x86_64-1.12.0.jar:/home/abhi/.m2/repository/org/apache/httpcomponents/httpclient/4.5.14/httpclient-4.5.14.jar:/home/abhi/.m2/repository/org/apache/httpcomponents/httpcore/4.4.16/httpcore-4.4.16.jar:/home/abhi/.m2/repository/commons-codec/commons-codec/1.16.0/commons-codec-1.16.0.jar:/home/abhi/.m2/repository/ch/qos/logback/logback-classic/1.4.11/logback-classic-1.4.11.jar:/home/abhi/.m2/repository/ch/qos/logback/logback-core/1.4.11/logback-core-1.4.11.jar:/home/abhi/.m2/repository/org/slf4j/jcl-over-slf4j/2.0.9/jcl-over-slf4j-2.0.9.jar:/home/abhi/.m2/repository/org/antlr/antlr4-runtime/4.11.1/antlr4-runtime-4.11.1.jar:/home/abhi/.m2/repository/com/jayway/jsonpath/json-path/2.8.0/json-path-2.8.0.jar:/home/abhi/.m2/repository/net/minidev/json-smart/2.4.10/json-smart-2.4.10.jar:/home/abhi/.m2/repository/net/minidev/accessors-smart/2.4.9/accessors-smart-2.4.9.jar:/home/abhi/.m2/repository/org/ow2/asm/asm/9.3/asm-9.3.jar:/home/abhi/.m2/repository/org/yaml/snakeyaml/2.0/snakeyaml-2.0.jar:/home/abhi/.m2/repository/de/siegmar/fastcsv/2.2.1/fastcsv-2.2.1.jar:/home/abhi/.m2/repository/info/picocli/picocli/4.7.1/picocli-4.7.1.jar:/home/abhi/.m2/repository/io/github/classgraph/classgraph/4.8.160/classgraph-4.8.160.jar:/home/abhi/.m2/repository/io/github/t12y/resemble/1.0.2/resemble-1.0.2.jar:/home/abhi/.m2/repository/io/github/t12y/ssim/1.0.0/ssim-1.0.0.jar:/home/abhi/.m2/repository/org/graalvm/js/js/22.3.0/js-22.3.0.jar:/home/abhi/.m2/repository/org/graalvm/regex/regex/22.3.0/regex-22.3.0.jar:/home/abhi/.m2/repository/org/graalvm/truffle/truffle-api/22.3.0/truffle-api-22.3.0.jar:/home/abhi/.m2/repository/org/graalvm/sdk/graal-sdk/22.3.0/graal-sdk-22.3.0.jar:/home/abhi/.m2/repository/com/ibm/icu/icu4j/71.1/icu4j-71.1.jar:"/>
    <property name="java.vm.vendor" value="Ubuntu"/>
    <property name="sun.arch.data.model" value="64"/>
    <property name="java.vendor.url" value="https://ubuntu.com/"/>
    <property name="user.timezone" value="Asia/Kolkata"/>
    <property name="os.name" value="Linux"/>
    <property name="java.vm.specification.version" value="21"/>
    <property name="sun.java.launcher" value="SUN_STANDARD"/>
    <property name="user.country" value="US"/>
    <property name="sun.boot.library.path" value="/usr/lib/jvm/java-21-openjdk-amd64/lib"/>
    <property name="sun.java.command" value="/home/abhi/MyWorkspace/karatepractice/target/surefire/surefirebooter-20250502174122110_3.jar /home/abhi/MyWorkspace/karatepractice/target/surefire 2025-05-02T17-41-21_793-jvmRun1 surefire-20250502174122110_1tmp surefire_0-20250502174122110_2tmp"/>
    <property name="jdk.debug" value="release"/>
    <property name="surefire.test.class.path" value="/home/abhi/MyWorkspace/karatepractice/target/test-classes:/home/abhi/MyWorkspace/karatepractice/target/classes:/home/abhi/.m2/repository/org/junit/jupiter/junit-jupiter-api/5.11.0/junit-jupiter-api-5.11.0.jar:/home/abhi/.m2/repository/org/opentest4j/opentest4j/1.3.0/opentest4j-1.3.0.jar:/home/abhi/.m2/repository/org/junit/platform/junit-platform-commons/1.11.0/junit-platform-commons-1.11.0.jar:/home/abhi/.m2/repository/org/apiguardian/apiguardian-api/1.1.2/apiguardian-api-1.1.2.jar:/home/abhi/.m2/repository/com/intuit/karate/karate-junit5/1.4.1/karate-junit5-1.4.1.jar:/home/abhi/.m2/repository/org/junit/jupiter/junit-jupiter-engine/5.11.0/junit-jupiter-engine-5.11.0.jar:/home/abhi/.m2/repository/org/junit/platform/junit-platform-engine/1.11.0/junit-platform-engine-1.11.0.jar:/home/abhi/.m2/repository/io/cucumber/cucumber-java/7.22.0/cucumber-java-7.22.0.jar:/home/abhi/.m2/repository/io/cucumber/cucumber-core/7.22.0/cucumber-core-7.22.0.jar:/home/abhi/.m2/repository/io/cucumber/cucumber-gherkin/7.22.0/cucumber-gherkin-7.22.0.jar:/home/abhi/.m2/repository/io/cucumber/cucumber-gherkin-messages/7.22.0/cucumber-gherkin-messages-7.22.0.jar:/home/abhi/.m2/repository/io/cucumber/gherkin/32.1.0/gherkin-32.1.0.jar:/home/abhi/.m2/repository/io/cucumber/messages/27.2.0/messages-27.2.0.jar:/home/abhi/.m2/repository/io/cucumber/testng-xml-formatter/0.3.1/testng-xml-formatter-0.3.1.jar:/home/abhi/.m2/repository/io/cucumber/query/13.2.0/query-13.2.0.jar:/home/abhi/.m2/repository/io/cucumber/tag-expressions/6.1.2/tag-expressions-6.1.2.jar:/home/abhi/.m2/repository/io/cucumber/cucumber-expressions/18.0.1/cucumber-expressions-18.0.1.jar:/home/abhi/.m2/repository/io/cucumber/datatable/7.22.0/datatable-7.22.0.jar:/home/abhi/.m2/repository/io/cucumber/cucumber-plugin/7.22.0/cucumber-plugin-7.22.0.jar:/home/abhi/.m2/repository/io/cucumber/docstring/7.22.0/docstring-7.22.0.jar:/home/abhi/.m2/repository/io/cucumber/html-formatter/21.10.0/html-formatter-21.10.0.jar:/home/abhi/.m2/repository/io/cucumber/junit-xml-formatter/0.7.1/junit-xml-formatter-0.7.1.jar:/home/abhi/.m2/repository/io/cucumber/ci-environment/10.0.1/ci-environment-10.0.1.jar:/home/abhi/.m2/repository/info/cukes/cucumber-java/1.2.5/cucumber-java-1.2.5.jar:/home/abhi/.m2/repository/info/cukes/cucumber-core/1.2.5/cucumber-core-1.2.5.jar:/home/abhi/.m2/repository/info/cukes/cucumber-html/0.2.3/cucumber-html-0.2.3.jar:/home/abhi/.m2/repository/info/cukes/cucumber-jvm-deps/1.0.5/cucumber-jvm-deps-1.0.5.jar:/home/abhi/.m2/repository/info/cukes/gherkin/2.12.2/gherkin-2.12.2.jar:/home/abhi/.m2/repository/com/intuit/karate/karate-core/1.4.1/karate-core-1.4.1.jar:/home/abhi/.m2/repository/org/graalvm/js/js-scriptengine/22.3.3/js-scriptengine-22.3.3.jar:/home/abhi/.m2/repository/org/thymeleaf/thymeleaf/3.1.2.RELEASE/thymeleaf-3.1.2.RELEASE.jar:/home/abhi/.m2/repository/ognl/ognl/3.3.4/ognl-3.3.4.jar:/home/abhi/.m2/repository/org/javassist/javassist/3.29.0-GA/javassist-3.29.0-GA.jar:/home/abhi/.m2/repository/org/attoparser/attoparser/2.0.7.RELEASE/attoparser-2.0.7.RELEASE.jar:/home/abhi/.m2/repository/org/unbescape/unbescape/1.1.6.RELEASE/unbescape-1.1.6.RELEASE.jar:/home/abhi/.m2/repository/org/slf4j/slf4j-api/2.0.7/slf4j-api-2.0.7.jar:/home/abhi/.m2/repository/com/linecorp/armeria/armeria/1.25.2/armeria-1.25.2.jar:/home/abhi/.m2/repository/com/fasterxml/jackson/core/jackson-core/2.15.2/jackson-core-2.15.2.jar:/home/abhi/.m2/repository/com/fasterxml/jackson/core/jackson-annotations/2.15.2/jackson-annotations-2.15.2.jar:/home/abhi/.m2/repository/com/fasterxml/jackson/core/jackson-databind/2.15.2/jackson-databind-2.15.2.jar:/home/abhi/.m2/repository/com/fasterxml/jackson/datatype/jackson-datatype-jdk8/2.15.2/jackson-datatype-jdk8-2.15.2.jar:/home/abhi/.m2/repository/com/fasterxml/jackson/datatype/jackson-datatype-jsr310/2.15.2/jackson-datatype-jsr310-2.15.2.jar:/home/abhi/.m2/repository/io/micrometer/micrometer-core/1.11.3/micrometer-core-1.11.3.jar:/home/abhi/.m2/repository/io/micrometer/micrometer-commons/1.11.3/micrometer-commons-1.11.3.jar:/home/abhi/.m2/repository/io/micrometer/micrometer-observation/1.11.3/micrometer-observation-1.11.3.jar:/home/abhi/.m2/repository/org/hdrhistogram/HdrHistogram/2.1.12/HdrHistogram-2.1.12.jar:/home/abhi/.m2/repository/org/latencyutils/LatencyUtils/2.0.3/LatencyUtils-2.0.3.jar:/home/abhi/.m2/repository/io/netty/netty-transport/4.1.96.Final/netty-transport-4.1.96.Final.jar:/home/abhi/.m2/repository/io/netty/netty-common/4.1.96.Final/netty-common-4.1.96.Final.jar:/home/abhi/.m2/repository/io/netty/netty-buffer/4.1.96.Final/netty-buffer-4.1.96.Final.jar:/home/abhi/.m2/repository/io/netty/netty-resolver/4.1.96.Final/netty-resolver-4.1.96.Final.jar:/home/abhi/.m2/repository/io/netty/netty-codec-haproxy/4.1.96.Final/netty-codec-haproxy-4.1.96.Final.jar:/home/abhi/.m2/repository/io/netty/netty-codec/4.1.96.Final/netty-codec-4.1.96.Final.jar:/home/abhi/.m2/repository/io/netty/netty-codec-http2/4.1.96.Final/netty-codec-http2-4.1.96.Final.jar:/home/abhi/.m2/repository/io/netty/netty-handler/4.1.96.Final/netty-handler-4.1.96.Final.jar:/home/abhi/.m2/repository/io/netty/netty-codec-http/4.1.96.Final/netty-codec-http-4.1.96.Final.jar:/home/abhi/.m2/repository/io/netty/netty-resolver-dns/4.1.96.Final/netty-resolver-dns-4.1.96.Final.jar:/home/abhi/.m2/repository/io/netty/netty-codec-dns/4.1.96.Final/netty-codec-dns-4.1.96.Final.jar:/home/abhi/.m2/repository/org/reactivestreams/reactive-streams/1.0.4/reactive-streams-1.0.4.jar:/home/abhi/.m2/repository/com/google/code/findbugs/jsr305/3.0.2/jsr305-3.0.2.jar:/home/abhi/.m2/repository/io/netty/netty-handler-proxy/4.1.96.Final/netty-handler-proxy-4.1.96.Final.jar:/home/abhi/.m2/repository/io/netty/netty-codec-socks/4.1.96.Final/netty-codec-socks-4.1.96.Final.jar:/home/abhi/.m2/repository/io/netty/netty-transport-native-unix-common/4.1.96.Final/netty-transport-native-unix-common-4.1.96.Final-linux-x86_64.jar:/home/abhi/.m2/repository/io/netty/netty-transport-native-epoll/4.1.96.Final/netty-transport-native-epoll-4.1.96.Final-linux-x86_64.jar:/home/abhi/.m2/repository/io/netty/netty-transport-native-unix-common/4.1.96.Final/netty-transport-native-unix-common-4.1.96.Final.jar:/home/abhi/.m2/repository/io/netty/netty-transport-classes-epoll/4.1.96.Final/netty-transport-classes-epoll-4.1.96.Final.jar:/home/abhi/.m2/repository/io/netty/netty-transport-native-unix-common/4.1.96.Final/netty-transport-native-unix-common-4.1.96.Final-linux-aarch_64.jar:/home/abhi/.m2/repository/io/netty/netty-transport-native-epoll/4.1.96.Final/netty-transport-native-epoll-4.1.96.Final-linux-aarch_64.jar:/home/abhi/.m2/repository/io/netty/netty-transport-native-unix-common/4.1.96.Final/netty-transport-native-unix-common-4.1.96.Final-osx-x86_64.jar:/home/abhi/.m2/repository/io/netty/netty-transport-native-kqueue/4.1.96.Final/netty-transport-native-kqueue-4.1.96.Final-osx-x86_64.jar:/home/abhi/.m2/repository/io/netty/netty-transport-classes-kqueue/4.1.96.Final/netty-transport-classes-kqueue-4.1.96.Final.jar:/home/abhi/.m2/repository/io/netty/netty-resolver-dns-native-macos/4.1.96.Final/netty-resolver-dns-native-macos-4.1.96.Final-osx-x86_64.jar:/home/abhi/.m2/repository/io/netty/netty-resolver-dns-classes-macos/4.1.96.Final/netty-resolver-dns-classes-macos-4.1.96.Final.jar:/home/abhi/.m2/repository/io/netty/netty-transport-native-unix-common/4.1.96.Final/netty-transport-native-unix-common-4.1.96.Final-osx-aarch_64.jar:/home/abhi/.m2/repository/io/netty/netty-transport-native-kqueue/4.1.96.Final/netty-transport-native-kqueue-4.1.96.Final-osx-aarch_64.jar:/home/abhi/.m2/repository/io/netty/netty-resolver-dns-native-macos/4.1.96.Final/netty-resolver-dns-native-macos-4.1.96.Final-osx-aarch_64.jar:/home/abhi/.m2/repository/io/netty/netty-tcnative-boringssl-static/2.0.61.Final/netty-tcnative-boringssl-static-2.0.61.Final-linux-x86_64.jar:/home/abhi/.m2/repository/io/netty/netty-tcnative-classes/2.0.61.Final/netty-tcnative-classes-2.0.61.Final.jar:/home/abhi/.m2/repository/io/netty/netty-tcnative-boringssl-static/2.0.61.Final/netty-tcnative-boringssl-static-2.0.61.Final-linux-aarch_64.jar:/home/abhi/.m2/repository/io/netty/netty-tcnative-boringssl-static/2.0.61.Final/netty-tcnative-boringssl-static-2.0.61.Final-osx-x86_64.jar:/home/abhi/.m2/repository/io/netty/netty-tcnative-boringssl-static/2.0.61.Final/netty-tcnative-boringssl-static-2.0.61.Final-osx-aarch_64.jar:/home/abhi/.m2/repository/io/netty/netty-tcnative-boringssl-static/2.0.61.Final/netty-tcnative-boringssl-static-2.0.61.Final-windows-x86_64.jar:/home/abhi/.m2/repository/com/aayushatharva/brotli4j/brotli4j/1.12.0/brotli4j-1.12.0.jar:/home/abhi/.m2/repository/com/aayushatharva/brotli4j/service/1.12.0/service-1.12.0.jar:/home/abhi/.m2/repository/com/aayushatharva/brotli4j/native-linux-x86_64/1.12.0/native-linux-x86_64-1.12.0.jar:/home/abhi/.m2/repository/org/apache/httpcomponents/httpclient/4.5.14/httpclient-4.5.14.jar:/home/abhi/.m2/repository/org/apache/httpcomponents/httpcore/4.4.16/httpcore-4.4.16.jar:/home/abhi/.m2/repository/commons-codec/commons-codec/1.16.0/commons-codec-1.16.0.jar:/home/abhi/.m2/repository/ch/qos/logback/logback-classic/1.4.11/logback-classic-1.4.11.jar:/home/abhi/.m2/repository/ch/qos/logback/logback-core/1.4.11/logback-core-1.4.11.jar:/home/abhi/.m2/repository/org/slf4j/jcl-over-slf4j/2.0.9/jcl-over-slf4j-2.0.9.jar:/home/abhi/.m2/repository/org/antlr/antlr4-runtime/4.11.1/antlr4-runtime-4.11.1.jar:/home/abhi/.m2/repository/com/jayway/jsonpath/json-path/2.8.0/json-path-2.8.0.jar:/home/abhi/.m2/repository/net/minidev/json-smart/2.4.10/json-smart-2.4.10.jar:/home/abhi/.m2/repository/net/minidev/accessors-smart/2.4.9/accessors-smart-2.4.9.jar:/home/abhi/.m2/repository/org/ow2/asm/asm/9.3/asm-9.3.jar:/home/abhi/.m2/repository/org/yaml/snakeyaml/2.0/snakeyaml-2.0.jar:/home/abhi/.m2/repository/de/siegmar/fastcsv/2.2.1/fastcsv-2.2.1.jar:/home/abhi/.m2/repository/info/picocli/picocli/4.7.1/picocli-4.7.1.jar:/home/abhi/.m2/repository/io/github/classgraph/classgraph/4.8.160/classgraph-4.8.160.jar:/home/abhi/.m2/repository/io/github/t12y/resemble/1.0.2/resemble-1.0.2.jar:/home/abhi/.m2/repository/io/github/t12y/ssim/1.0.0/ssim-1.0.0.jar:/home/abhi/.m2/repository/org/graalvm/js/js/22.3.0/js-22.3.0.jar:/home/abhi/.m2/repository/org/graalvm/regex/regex/22.3.0/regex-22.3.0.jar:/home/abhi/.m2/repository/org/graalvm/truffle/truffle-api/22.3.0/truffle-api-22.3.0.jar:/home/abhi/.m2/repository/org/graalvm/sdk/graal-sdk/22.3.0/graal-sdk-22.3.0.jar:/home/abhi/.m2/repository/com/ibm/icu/icu4j/71.1/icu4j-71.1.jar:"/>
    <property name="sun.cpu.endian" value="little"/>
    <property name="user.home" value="/home/abhi"/>
    <property name="user.language" value="en"/>
    <property name="java.specification.vendor" value="Oracle Corporation"/>
    <property name="java.version.date" value="2025-01-21"/>
    <property name="java.home" value="/usr/lib/jvm/java-21-openjdk-amd64"/>
    <property name="file.separator" value="/"/>
    <property name="basedir" value="/home/abhi/MyWorkspace/karatepractice"/>
    <property name="java.vm.compressedOopsMode" value="32-bit"/>
    <property name="line.separator" value="&#10;"/>
    <property name="java.specification.name" value="Java Platform API Specification"/>
    <property name="java.vm.specification.vendor" value="Oracle Corporation"/>
    <property name="surefire.real.class.path" value="/home/abhi/MyWorkspace/karatepractice/target/surefire/surefirebooter-20250502174122110_3.jar"/>
    <property name="sun.management.compiler" value="HotSpot 64-Bit Tiered Compilers"/>
    <property name="java.runtime.version" value="21.0.6+7-Ubuntu-124.04.1"/>
    <property name="user.name" value="abhi"/>
    <property name="stdout.encoding" value="UTF-8"/>
    <property name="path.separator" value=":"/>
    <property name="os.version" value="6.11.0-24-generic"/>
    <property name="java.runtime.name" value="OpenJDK Runtime Environment"/>
    <property name="file.encoding" value="UTF-8"/>
    <property name="java.vm.name" value="OpenJDK 64-Bit Server VM"/>
    <property name="localRepository" value="/home/abhi/.m2/repository"/>
    <property name="java.vendor.url.bug" value="https://bugs.launchpad.net/ubuntu/+source/openjdk-21"/>
    <property name="java.io.tmpdir" value="/tmp"/>
    <property name="java.version" value="21.0.6"/>
    <property name="user.dir" value="/home/abhi/MyWorkspace/karatepractice"/>
    <property name="os.arch" value="amd64"/>
    <property name="java.vm.specification.name" value="Java Virtual Machine Specification"/>
    <property name="native.encoding" value="UTF-8"/>
    <property name="java.library.path" value="/usr/java/packages/lib:/usr/lib/x86_64-linux-gnu/jni:/lib/x86_64-linux-gnu:/usr/lib/x86_64-linux-gnu:/usr/lib/jni:/lib:/usr/lib"/>
    <property name="java.vm.info" value="mixed mode, sharing"/>
    <property name="stderr.encoding" value="UTF-8"/>
    <property name="java.vendor" value="Ubuntu"/>
    <property name="java.vm.version" value="21.0.6+7-Ubuntu-124.04.1"/>
    <property name="sun.io.unicode.encoding" value="UnicodeLittle"/>
    <property name="java.class.version" value="65.0"/>
  </properties>
  <testcase name="[1:3] authtoken" classname="features/authtoken" time="7.201">
    <system-out><![CDATA[---------------------------------------------------------
feature: classpath:features/authtoken.feature
scenarios:  1 | passed:  1 | failed:  0 | time: 2.6172
---------------------------------------------------------

]]></system-out>
  </testcase>
  <testcase name="[1:24] delete user" classname="features/deleteapi" time="4.43">
    <system-out><![CDATA[---------------------------------------------------------
feature: classpath:features/deleteapi.feature
scenarios:  1 | passed:  1 | failed:  0 | time: 3.8351
---------------------------------------------------------

]]></system-out>
  </testcase>
  <testcase name="[1:3] get user details" classname="features/getapi" time="1.239">
    <failure message="status code was: 404, expected: 200, response time in milliseconds: 1149, url: https://gorest.co.in/public/v1/users/7848302, response: &#10;{&quot;meta&quot;:null,&quot;data&quot;:{&quot;message&quot;:&quot;Resource not found&quot;}}&#10;classpath:features/getapi.feature:7" type="org.opentest4j.AssertionFailedError"><![CDATA[org.opentest4j.AssertionFailedError: 
status code was: 404, expected: 200, response time in milliseconds: 1149, url: https://gorest.co.in/public/v1/users/7848302, response: 
{"meta":null,"data":{"message":"Resource not found"}}
classpath:features/getapi.feature:7
	at com.intuit.karate.junit5.FeatureNode.lambda$next$1(FeatureNode.java:86)
	at java.base/java.util.stream.ForEachOps$ForEachOp$OfRef.accept(ForEachOps.java:184)
	at java.base/java.util.stream.ReferencePipeline$3$1.accept(ReferencePipeline.java:197)
	at java.base/java.util.stream.ReferencePipeline$2$1.accept(ReferencePipeline.java:179)
	at java.base/java.util.stream.ReferencePipeline$3$1.accept(ReferencePipeline.java:197)
	at java.base/java.util.Iterator.forEachRemaining(Iterator.java:133)
	at java.base/java.util.Spliterators$IteratorSpliterator.forEachRemaining(Spliterators.java:1939)
	at java.base/java.util.stream.AbstractPipeline.copyInto(AbstractPipeline.java:509)
	at java.base/java.util.stream.AbstractPipeline.wrapAndCopyInto(AbstractPipeline.java:499)
	at java.base/java.util.stream.ForEachOps$ForEachOp.evaluateSequential(ForEachOps.java:151)
	at java.base/java.util.stream.ForEachOps$ForEachOp$OfRef.evaluateSequential(ForEachOps.java:174)
	at java.base/java.util.stream.AbstractPipeline.evaluate(AbstractPipeline.java:234)
	at java.base/java.util.stream.ReferencePipeline.forEachOrdered(ReferencePipeline.java:601)
	at java.base/java.util.Optional.ifPresent(Optional.java:178)
	at java.base/java.util.ArrayList.forEach(ArrayList.java:1596)
	at java.base/java.util.ArrayList.forEach(ArrayList.java:1596)
]]></failure>
  </testcase>
  <testcase name="[2:13] get user details not found" classname="features/getapi" time="1.431">
    <system-out><![CDATA[---------------------------------------------------------
feature: classpath:features/getapi.feature
scenarios:  2 | passed:  1 | failed:  1 | time: 2.0846
---------------------------------------------------------

]]></system-out>
  </testcase>
  <testcase name="[1:3] get all active users" classname="features/getapiwith_queryparam" time="1.175"/>
  <testcase name="[2:12] get all active users and get the count" classname="features/getapiwith_queryparam" time="1.876">
    <system-out><![CDATA[---------------------------------------------------------
feature: classpath:features/getapiwith_queryparam.feature
scenarios:  2 | passed:  2 | failed:  0 | time: 2.7688
---------------------------------------------------------

]]></system-out>
  </testcase>
  <testcase name="[1:3] pass the user request with headers_Part1" classname="features/headers" time="1.303"/>
  <testcase name="[2:17] pass the user request with headers_Part2" classname="features/headers" time="0.81"/>
  <testcase name="[3:27] pass the user request with headers_Part3" classname="features/headers" time="1.305">
    <system-out><![CDATA[---------------------------------------------------------
feature: classpath:features/headers.feature
scenarios:  3 | passed:  3 | failed:  0 | time: 2.9887
---------------------------------------------------------

]]></system-out>
  </testcase>
  <testcase name="[1:3] Read and print JSON" classname="features/json" time="0.018"/>
  <testcase name="[2:14] complex json" classname="features/json" time="0.194">
    <system-out><![CDATA[---------------------------------------------------------
feature: classpath:features/json.feature
scenarios:  2 | passed:  2 | failed:  0 | time: 0.0181
---------------------------------------------------------

]]></system-out>
  </testcase>
  <testcase name="[1:16] create a user using above data" classname="features/postapi" time="1.411">
    <system-out><![CDATA[---------------------------------------------------------
feature: classpath:features/postapi.feature
scenarios:  1 | passed:  1 | failed:  0 | time: 1.2267
---------------------------------------------------------

]]></system-out>
  </testcase>
  <testcase name="[1:8] create a user using above data" classname="features/postjsonfile" time="1.753">
    <failure message="status code was: 422, expected: 201, response time in milliseconds: 1324, url: https://gorest.co.in/public/v1/users, response: &#10;{&quot;meta&quot;:null,&quot;data&quot;:[{&quot;field&quot;:&quot;email&quot;,&quot;message&quot;:&quot;has already been taken&quot;}]}&#10;classpath:features/postjsonfile.feature:12" type="org.opentest4j.AssertionFailedError"><![CDATA[org.opentest4j.AssertionFailedError: 
status code was: 422, expected: 201, response time in milliseconds: 1324, url: https://gorest.co.in/public/v1/users, response: 
{"meta":null,"data":[{"field":"email","message":"has already been taken"}]}
classpath:features/postjsonfile.feature:12
	at com.intuit.karate.junit5.FeatureNode.lambda$next$1(FeatureNode.java:86)
	at java.base/java.util.stream.ForEachOps$ForEachOp$OfRef.accept(ForEachOps.java:184)
	at java.base/java.util.stream.ReferencePipeline$3$1.accept(ReferencePipeline.java:197)
	at java.base/java.util.stream.ReferencePipeline$2$1.accept(ReferencePipeline.java:179)
	at java.base/java.util.stream.ReferencePipeline$3$1.accept(ReferencePipeline.java:197)
	at java.base/java.util.Iterator.forEachRemaining(Iterator.java:133)
	at java.base/java.util.Spliterators$IteratorSpliterator.forEachRemaining(Spliterators.java:1939)
	at java.base/java.util.stream.AbstractPipeline.copyInto(AbstractPipeline.java:509)
	at java.base/java.util.stream.AbstractPipeline.wrapAndCopyInto(AbstractPipeline.java:499)
	at java.base/java.util.stream.ForEachOps$ForEachOp.evaluateSequential(ForEachOps.java:151)
	at java.base/java.util.stream.ForEachOps$ForEachOp$OfRef.evaluateSequential(ForEachOps.java:174)
	at java.base/java.util.stream.AbstractPipeline.evaluate(AbstractPipeline.java:234)
	at java.base/java.util.stream.ReferencePipeline.forEachOrdered(ReferencePipeline.java:601)
	at java.base/java.util.Optional.ifPresent(Optional.java:178)
	at java.base/java.util.ArrayList.forEach(ArrayList.java:1596)
	at java.base/java.util.ArrayList.forEach(ArrayList.java:1596)
]]></failure>
    <system-out><![CDATA[---------------------------------------------------------
feature: classpath:features/postjsonfile.feature
scenarios:  1 | passed:  0 | failed:  1 | time: 1.3732
---------------------------------------------------------

]]></system-out>
  </testcase>
  <testcase name="[1:15] create a user using above data" classname="features/putapi" time="1.271">
    <system-out><![CDATA[---------------------------------------------------------
feature: classpath:features/putapi.feature
scenarios:  1 | passed:  1 | failed:  0 | time: 1.1235
---------------------------------------------------------

]]></system-out>
  </testcase>
  <testcase name="[1:13] Create a random email" classname="features/randomemail" time="0.02"/>
  <testcase name="[2:16] create a user using above data" classname="features/randomemail" time="1.549">
    <system-out><![CDATA[---------------------------------------------------------
feature: classpath:features/randomemail.feature
scenarios:  2 | passed:  2 | failed:  0 | time: 1.2790
---------------------------------------------------------

]]></system-out>
  </testcase>
  <testcase name="[1:4] helloworld scenario" classname="features/sample" time="0.071">
    <system-out><![CDATA[---------------------------------------------------------
feature: classpath:features/sample.feature
scenarios:  1 | passed:  1 | failed:  0 | time: 0.0000
---------------------------------------------------------

]]></system-out>
  </testcase>
  <testcase name="[1:24] update a user using above data" classname="features/updateuser" time="3.157">
    <system-out><![CDATA[---------------------------------------------------------
feature: classpath:features/updateuser.feature
scenarios:  1 | passed:  1 | failed:  0 | time: 2.5039
---------------------------------------------------------

Karate version: 1.4.1
======================================================
elapsed:  30.90 | threads:    1 | thread time: 21.82 
features:    12 | skipped:    0 | efficiency: 0.71
scenarios:   18 | passed:    16 | failed: 2
======================================================
>>> failed features:
status code was: 404, expected: 200, response time in milliseconds: 1149, url: https://gorest.co.in/public/v1/users/7848302, response: 
{"meta":null,"data":{"message":"Resource not found"}}
classpath:features/getapi.feature:7
status code was: 422, expected: 201, response time in milliseconds: 1324, url: https://gorest.co.in/public/v1/users, response: 
{"meta":null,"data":[{"field":"email","message":"has already been taken"}]}
classpath:features/postjsonfile.feature:12
<<<

HTML report: (paste into browser to view) | Karate version: 1.4.1
file:///home/abhi/MyWorkspace/karatepractice/target/karate-reports/karate-summary.html
===================================================================

]]></system-out>
  </testcase>
</testsuite>